IQ-TREE multicore version 2.1.4-beta COVID-edition for Mac OS X 64-bit built Jun 24 2021
Developed by Bui Quang Minh, James Barbetti, Nguyen Lam Tung,
Olga Chernomor, Heiko Schmidt, Dominik Schrempf, Michael Woodhams.

Host:    Avivas-MacBook-Pro.local (AVX2, FMA3, 16 GB RAM)
Command: iqtree -s aligned_Tcoffee.fasta
Seed:    196982 (Using SPRNG - Scalable Parallel Random Number Generator)
Time:    Thu Mar 13 13:48:18 2025
Kernel:  AVX+FMA - 1 threads (8 CPU cores detected)

HINT: Use -nt option to specify number of threads because your CPU has 8 cores!
HINT: -nt AUTO will automatically determine the best number of threads to use.

Reading alignment file aligned_Tcoffee.fasta ... Fasta format detected
Alignment most likely contains DNA/RNA sequences
Alignment has 35 sequences with 1569 columns, 183 distinct patterns
81 parsimony-informative, 51 singleton sites, 1437 constant sites
            Gap/Ambiguity  Composition  p-value
   1  AF009475.1    3.06%    passed     99.67%
   2  AF009476.1    1.98%    passed     99.35%
   3  AF009477.1    2.17%    passed     99.94%
   4  AF009478.1    1.85%    passed     99.21%
   5  AF009479.1    2.49%    passed     99.99%
   6  AF009480.1    1.91%    passed     99.66%
   7  AF009481.1    2.29%    passed     99.96%
   8  AF009482.1    2.29%    passed     99.99%
   9  AF009483.1    2.68%    passed     99.70%
  10  AF009484.1    3.63%    passed     99.45%
  11  AF009485.1    3.70%    passed     99.90%
  12  AF009486.1    2.68%    passed     99.90%
  13  AF009487.1    2.87%    passed     99.85%
  14  AF009488.1    1.85%    passed     99.89%
  15  AF009489.1    2.42%    passed     99.84%
  16  AF009490.1    5.99%    passed     99.97%
  17  AF009491.1    3.12%    passed     99.98%
  18  AF009492.1    2.80%    passed     99.88%
  19  AF009493.1    4.72%    passed     99.97%
  20  AF009494.1    4.53%    passed     99.98%
  21  AF009495.1    5.93%    passed     98.08%
  22  AF009496.1    6.76%    passed     99.64%
  23  AF009497.1    2.10%    passed     99.95%
  24  AF009498.1    5.35%    passed     99.99%
  25  AF009499.1    6.12%    passed     99.90%
  26  AF009500.1    5.67%    passed     99.74%
  27  AF009501.1    2.87%    passed     99.80%
  28  AF009502.1    5.99%    passed     99.81%
  29  AF009503.1    2.55%    passed     99.57%
  30  AF009504.1    2.55%    passed     99.98%
  31  AF009505.1    4.02%    passed     98.85%
  32  AF009506.1    4.65%    passed     99.98%
  33  AF009507.1    3.25%    passed     97.94%
  34  AF009508.1    1.72%    passed     99.10%
  35  AF009509.1    1.85%    passed     99.52%
****  TOTAL         3.44%  0 sequences failed composition chi2 test (p-value<5%; df=3)


Create initial parsimony tree by phylogenetic likelihood library (PLL)... 0.002 seconds
Perform fast likelihood tree search using GTR+I+G model...
Estimate model parameters (epsilon = 5.000)
Perform nearest neighbor interchange...
Estimate model parameters (epsilon = 1.000)
1. Initial log-likelihood: -3767.236
2. Current log-likelihood: -3765.668
3. Current log-likelihood: -3764.137
4. Current log-likelihood: -3762.577
5. Current log-likelihood: -3760.994
6. Current log-likelihood: -3759.424
7. Current log-likelihood: -3757.871
8. Current log-likelihood: -3756.342
9. Current log-likelihood: -3754.837
10. Current log-likelihood: -3753.358
11. Current log-likelihood: -3751.906
12. Current log-likelihood: -3750.474
13. Current log-likelihood: -3749.056
14. Current log-likelihood: -3747.630
15. Current log-likelihood: -3746.220
16. Current log-likelihood: -3744.794
17. Current log-likelihood: -3743.341
18. Current log-likelihood: -3741.849
19. Current log-likelihood: -3740.307
20. Current log-likelihood: -3738.732
21. Current log-likelihood: -3737.122
22. Current log-likelihood: -3735.472
23. Current log-likelihood: -3733.812
24. Current log-likelihood: -3732.199
25. Current log-likelihood: -3730.650
26. Current log-likelihood: -3729.253
27. Current log-likelihood: -3728.059
Optimal log-likelihood: -3726.679
Rate parameters:  A-C: 0.50932  A-G: 1.35576  A-T: 2.64887  C-G: 0.36168  C-T: 2.17460  G-T: 1.00000
Base frequencies:  A: 0.254  C: 0.225  G: 0.305  T: 0.216
Proportion of invariable sites: 0.840
Gamma shape alpha: 0.417
Parameters optimization took 27 rounds (0.223 sec)
Time for fast ML tree search: 0.296 seconds

NOTE: ModelFinder requires 2 MB RAM!
ModelFinder will test up to 286 DNA models (sample size: 1569) ...
 No. Model         -LnL         df  AIC          AICc         BIC
  1  GTR+F         4045.302     75  8240.604     8248.240     8642.469
  2  GTR+F+I       3763.829     76  7679.658     7687.502     8086.881
  3  GTR+F+G4      3833.496     76  7818.992     7826.837     8226.215
  4  GTR+F+I+G4    3724.973     77  7603.946     7612.002     8016.527
  5  GTR+F+R2      3744.339     77  7642.677     7650.734     8055.258
  6  GTR+F+R3      3741.323     79  7640.646     7649.135     8063.943
 17  SYM+I+G4      3742.351     74  7632.703     7640.132     8029.209
 30  TVM+F+I+G4    3726.585     76  7605.171     7613.015     8012.393
 43  TVMe+I+G4     3742.363     73  7630.726     7637.953     8021.874
 56  TIM3+F+I+G4   3732.687     75  7615.373     7623.009     8017.238
 69  TIM3e+I+G4    3747.467     72  7638.934     7645.960     8024.724
 82  TIM2+F+I+G4   3741.425     75  7632.849     7640.485     8034.714
 95  TIM2e+I+G4    3757.719     72  7659.437     7666.464     8045.227
108  TIM+F+I+G4    3745.268     75  7640.535     7648.171     8042.400
121  TIMe+I+G4     3758.830     72  7661.660     7668.687     8047.450
134  TPM3u+F+I+G4  3734.284     74  7616.568     7623.998     8013.074
147  TPM3+F+I+G4   3734.284     74  7616.568     7623.998     8013.074
160  TPM2u+F+I+G4  3743.279     74  7634.557     7641.987     8031.064
173  TPM2+F+I+G4   3743.279     74  7634.557     7641.987     8031.064
186  K3Pu+F+I+G4   3747.076     74  7642.151     7649.581     8038.657
199  K3P+I+G4      3758.849     71  7659.699     7666.528     8040.130
212  TN+F+I+G4     3747.985     74  7643.969     7651.399     8040.476
225  TNe+I+G4      3761.534     71  7665.067     7671.897     8045.499
238  HKY+F+I+G4    3749.735     73  7645.471     7652.697     8036.619
251  K2P+I+G4      3761.552     70  7663.103     7669.739     8038.177
264  F81+F+I+G4    3756.445     72  7656.890     7663.917     8042.680
277  JC+I+G4       3768.410     69  7674.819     7681.264     8044.535
Akaike Information Criterion:           GTR+F+I+G4
Corrected Akaike Information Criterion: GTR+F+I+G4
Bayesian Information Criterion:         TVM+F+I+G4
Best-fit model: TVM+F+I+G4 chosen according to BIC

All model information printed to aligned_Tcoffee.fasta.model.gz
CPU time for ModelFinder: 0.906 seconds (0h:0m:0s)
Wall-clock time for ModelFinder: 0.941 seconds (0h:0m:0s)

NOTE: 0 MB RAM (0 GB) is required!
Estimate model parameters (epsilon = 0.100)
Thoroughly optimizing +I+G parameters from 10 start values...
Init pinv, alpha: 0.000, 0.453 / Estimate: 0.000, 0.020 / LogL: -3836.807
Init pinv, alpha: 0.102, 0.453 / Estimate: 0.861, 0.427 / LogL: -3726.599
Init pinv, alpha: 0.204, 0.453 / Estimate: 0.860, 0.426 / LogL: -3726.612
Init pinv, alpha: 0.305, 0.453 / Estimate: 0.861, 0.427 / LogL: -3726.600
Init pinv, alpha: 0.407, 0.453 / Estimate: 0.860, 0.424 / LogL: -3726.611
Init pinv, alpha: 0.509, 0.453 / Estimate: 0.860, 0.423 / LogL: -3726.616
Init pinv, alpha: 0.611, 0.453 / Estimate: 0.860, 0.422 / LogL: -3726.629
Init pinv, alpha: 0.712, 0.453 / Estimate: 0.860, 0.422 / LogL: -3726.631
Init pinv, alpha: 0.814, 0.453 / Estimate: 0.860, 0.426 / LogL: -3726.636
Init pinv, alpha: 0.916, 0.453 / Estimate: 0.871, 0.491 / LogL: -3726.602
Optimal pinv,alpha: 0.861, 0.427 / LogL: -3726.599

Parameters optimization took 1.949 sec
Computing ML distances based on estimated model parameters...
Computing ML distances took 0.043034 sec (of wall-clock time) 0.042121 sec(of CPU time)
WARNING: Some pairwise ML distances are too long (saturated)
Computing RapidNJ tree took 0.000645 sec (of wall-clock time) 0.000409 sec (of CPU time)
Log-likelihood of RapidNJ tree: -3822.132
--------------------------------------------------------------------
|             INITIALIZING CANDIDATE TREE SET                      |
--------------------------------------------------------------------
Generating 98 parsimony trees... 0.123 second
Computing log-likelihood of 98 initial trees ... 0.130 seconds
Current best score: -3718.399

Do NNI search on 20 best initial trees
Estimate model parameters (epsilon = 0.100)
BETTER TREE FOUND at iteration 1: -3708.748
Estimate model parameters (epsilon = 0.100)
BETTER TREE FOUND at iteration 2: -3707.251
Iteration 10 / LogL: -3714.327 / Time: 0h:0m:2s
Iteration 20 / LogL: -3724.119 / Time: 0h:0m:2s
Finish initializing candidate tree set (20)
Current best tree score: -3707.251 / CPU time: 0.863
Number of iterations: 20
--------------------------------------------------------------------
|               OPTIMIZING CANDIDATE TREE SET                      |
--------------------------------------------------------------------
Estimate model parameters (epsilon = 0.100)
BETTER TREE FOUND at iteration 30: -3705.535
Iteration 30 / LogL: -3705.535 / Time: 0h:0m:3s (0h:0m:11s left)
Estimate model parameters (epsilon = 0.100)
BETTER TREE FOUND at iteration 39: -3705.111
Iteration 40 / LogL: -3717.736 / Time: 0h:0m:3s (0h:0m:8s left)
Iteration 50 / LogL: -3707.791 / Time: 0h:0m:3s (0h:0m:6s left)
Estimate model parameters (epsilon = 0.100)
BETTER TREE FOUND at iteration 52: -3704.970
UPDATE BEST LOG-LIKELIHOOD: -3704.961
Iteration 60 / LogL: -3713.471 / Time: 0h:0m:4s (0h:0m:6s left)
Iteration 70 / LogL: -3705.712 / Time: 0h:0m:4s (0h:0m:5s left)
Iteration 80 / LogL: -3711.808 / Time: 0h:0m:4s (0h:0m:4s left)
Iteration 90 / LogL: -3705.715 / Time: 0h:0m:5s (0h:0m:3s left)
BETTER TREE FOUND at iteration 92: -3704.951
Iteration 100 / LogL: -3705.098 / Time: 0h:0m:5s (0h:0m:4s left)
Iteration 110 / LogL: -3704.975 / Time: 0h:0m:5s (0h:0m:4s left)
Estimate model parameters (epsilon = 0.100)
BETTER TREE FOUND at iteration 115: -3704.639
Iteration 120 / LogL: -3706.977 / Time: 0h:0m:6s (0h:0m:4s left)
Estimate model parameters (epsilon = 0.100)
BETTER TREE FOUND at iteration 125: -3702.594
Estimate model parameters (epsilon = 0.100)
BETTER TREE FOUND at iteration 130: -3702.383
Iteration 130 / LogL: -3702.383 / Time: 0h:0m:6s (0h:0m:4s left)
Iteration 140 / LogL: -3703.135 / Time: 0h:0m:6s (0h:0m:4s left)
Iteration 150 / LogL: -3706.243 / Time: 0h:0m:6s (0h:0m:3s left)
Iteration 160 / LogL: -3707.367 / Time: 0h:0m:7s (0h:0m:3s left)
UPDATE BEST LOG-LIKELIHOOD: -3702.378
Estimate model parameters (epsilon = 0.100)
BETTER TREE FOUND at iteration 170: -3701.131
Iteration 170 / LogL: -3701.131 / Time: 0h:0m:7s (0h:0m:4s left)
Iteration 180 / LogL: -3701.316 / Time: 0h:0m:7s (0h:0m:3s left)
UPDATE BEST LOG-LIKELIHOOD: -3701.130
Iteration 190 / LogL: -3704.298 / Time: 0h:0m:8s (0h:0m:3s left)
UPDATE BEST LOG-LIKELIHOOD: -3701.129
Iteration 200 / LogL: -3702.550 / Time: 0h:0m:8s (0h:0m:2s left)
Iteration 210 / LogL: -3701.526 / Time: 0h:0m:8s (0h:0m:2s left)
Iteration 220 / LogL: -3701.533 / Time: 0h:0m:9s (0h:0m:2s left)
Iteration 230 / LogL: -3701.220 / Time: 0h:0m:9s (0h:0m:1s left)
Iteration 240 / LogL: -3702.071 / Time: 0h:0m:9s (0h:0m:1s left)
Iteration 250 / LogL: -3701.391 / Time: 0h:0m:9s (0h:0m:0s left)
Iteration 260 / LogL: -3703.194 / Time: 0h:0m:10s (0h:0m:0s left)
Iteration 270 / LogL: -3702.490 / Time: 0h:0m:10s (0h:0m:0s left)
TREE SEARCH COMPLETED AFTER 271 ITERATIONS / Time: 0h:0m:10s

--------------------------------------------------------------------
|                    FINALIZING TREE SEARCH                        |
--------------------------------------------------------------------
Performs final model parameters optimization
Estimate model parameters (epsilon = 0.010)
1. Initial log-likelihood: -3701.129
Optimal log-likelihood: -3701.127
Rate parameters:  A-C: 0.61669  A-G: 2.29215  A-T: 3.64017  C-G: 0.37545  C-T: 2.29215  G-T: 1.00000
Base frequencies:  A: 0.254  C: 0.225  G: 0.305  T: 0.216
Proportion of invariable sites: 0.865
Gamma shape alpha: 0.511
Parameters optimization took 1 rounds (0.005 sec)
BEST SCORE FOUND : -3701.127
Total tree length: 0.450

Total number of iterations: 271
CPU time used for tree search: 8.652 sec (0h:0m:8s)
Wall-clock time used for tree search: 8.524 sec (0h:0m:8s)
Total CPU time used: 10.695 sec (0h:0m:10s)
Total wall-clock time used: 10.557 sec (0h:0m:10s)

Analysis results written to: 
  IQ-TREE report:                aligned_Tcoffee.fasta.iqtree
  Maximum-likelihood tree:       aligned_Tcoffee.fasta.treefile
  Likelihood distances:          aligned_Tcoffee.fasta.mldist
  Screen log file:               aligned_Tcoffee.fasta.log

Date and Time: Thu Mar 13 13:48:29 2025
